{
  "Unit Tests": {
    "coverage": {
      "/Users/michaelhill/turing/1610/mod1/projects/night-writer/night-writer/lib/translator.rb": [
        1,
        null,
        null,
        1,
        1,
        1,
        14,
        null,
        null,
        1,
        3,
        5,
        null,
        3,
        5,
        null,
        3,
        5,
        null,
        3,
        null,
        null,
        1,
        4,
        4,
        4,
        4,
        4,
        null,
        null,
        1,
        2,
        2,
        2,
        null,
        null,
        1,
        3,
        5,
        5,
        null,
        null,
        null,
        1,
        6,
        2,
        2,
        null,
        6,
        null,
        null,
        1,
        6,
        1,
        1,
        null,
        6,
        null,
        null,
        1,
        3,
        3,
        3,
        5,
        null,
        3,
        null,
        null,
        1,
        6,
        18,
        null,
        null,
        null,
        1,
        4,
        4,
        4,
        4,
        4,
        null,
        null,
        1,
        3,
        5,
        null,
        null,
        null
      ],
      "/Users/michaelhill/turing/1610/mod1/projects/night-writer/night-writer/lib/alphabet.rb": [
        1,
        1,
        1,
        14,
        null,
        null,
        null,
        null,
        null,
        null,
        null,
        null,
        null,
        null,
        null,
        null,
        null,
        null,
        null,
        null,
        null,
        null,
        null,
        null,
        null,
        null,
        null,
        null,
        null,
        null,
        null,
        null,
        null,
        null,
        null,
        null,
        null,
        null,
        null,
        null,
        null,
        null,
        null,
        null,
        null,
        null,
        null,
        null,
        null,
        null,
        null,
        null,
        null,
        null,
        null,
        null,
        null,
        null,
        null,
        null,
        null,
        null,
        null,
        null,
        null,
        null,
        null,
        null,
        null,
        null,
        null,
        null,
        null,
        null,
        null,
        null,
        null,
        14,
        null,
        null,
        null,
        null,
        null,
        null,
        null,
        null,
        null,
        null,
        null,
        null,
        null,
        null,
        null,
        null,
        null,
        null,
        null,
        null,
        null,
        null,
        null,
        null,
        null,
        null,
        null,
        null,
        null,
        null,
        null,
        null,
        null,
        null,
        null,
        null,
        null,
        null,
        null,
        null,
        null,
        null,
        null,
        null,
        null,
        null,
        null,
        null,
        null,
        null,
        null,
        null,
        null,
        null,
        null,
        null,
        null,
        null,
        null,
        null,
        null,
        null,
        14,
        null,
        null,
        null,
        null,
        null,
        null,
        null,
        null,
        null,
        null,
        null,
        null,
        null
      ],
      "/Users/michaelhill/turing/1610/mod1/projects/night-writer/night-writer/lib/file_reader.rb": [
        1,
        1,
        0,
        null,
        null
      ]
    },
    "timestamp": 1476913274
  },
  "RSpec": {
    "coverage": {
      "/Users/michaelhill/turing/1610/mod1/projects/night-writer/night-writer/lib/alphabet.rb": [
        1,
        1,
        1,
        18,
        null,
        null,
        null,
        null,
        null,
        null,
        null,
        null,
        null,
        null,
        null,
        null,
        null,
        null,
        null,
        null,
        null,
        null,
        null,
        null,
        null,
        null,
        null,
        null,
        null,
        null,
        null,
        null,
        null,
        null,
        null,
        null,
        null,
        null,
        null,
        null,
        null,
        null,
        null,
        null,
        null,
        null,
        null,
        null,
        null,
        null,
        null,
        null,
        null,
        null,
        null,
        null,
        null,
        null,
        null,
        null,
        null,
        null,
        null,
        null,
        null,
        null,
        null,
        null,
        null,
        null,
        null,
        null,
        null,
        null,
        null,
        null,
        null,
        18,
        null,
        null,
        null,
        null,
        null,
        null,
        null,
        null,
        null,
        null,
        null,
        null,
        null,
        null,
        null,
        null,
        null,
        null,
        null,
        null,
        null,
        null,
        null,
        null,
        null,
        null,
        null,
        null,
        null,
        null,
        null,
        null,
        null,
        null,
        null,
        null,
        null,
        null,
        null,
        null,
        null,
        null,
        null,
        null,
        null,
        null,
        null,
        null,
        null,
        null,
        null,
        null,
        null,
        null,
        null,
        null,
        null,
        null,
        null,
        null,
        null,
        null,
        null,
        null,
        null,
        null,
        null,
        null,
        null,
        null,
        null,
        null,
        null,
        null,
        null,
        null
      ],
      "/Users/michaelhill/turing/1610/mod1/projects/night-writer/night-writer/test/reader_test.rb": [
        1,
        1,
        1,
        1,
        1,
        null,
        1,
        null,
        1,
        1,
        null,
        null,
        1,
        1,
        1,
        1,
        1,
        null,
        null,
        null,
        null
      ],
      "/Users/michaelhill/turing/1610/mod1/projects/night-writer/night-writer/lib/reader.rb": [
        1,
        1,
        1,
        null,
        1,
        1,
        null,
        1,
        2,
        2,
        2,
        null,
        null,
        1,
        0,
        0,
        0,
        null,
        null,
        1,
        0,
        null,
        null,
        1,
        1,
        1,
        null,
        1,
        null,
        null
      ],
      "/Users/michaelhill/turing/1610/mod1/projects/night-writer/night-writer/lib/translator.rb": [
        1,
        null,
        null,
        1,
        1,
        1,
        16,
        null,
        null,
        1,
        3,
        5,
        null,
        3,
        5,
        null,
        3,
        5,
        null,
        3,
        null,
        null,
        1,
        4,
        4,
        4,
        4,
        4,
        null,
        null,
        1,
        2,
        2,
        2,
        null,
        null,
        1,
        3,
        5,
        null,
        null,
        null,
        1,
        5,
        1,
        1,
        null,
        4,
        null,
        null,
        null,
        1,
        3,
        3,
        3,
        5,
        null,
        3,
        null,
        null,
        1,
        6,
        18,
        null,
        null,
        null,
        1,
        4,
        4,
        4,
        4,
        4,
        null,
        null,
        1,
        3,
        5,
        null,
        null,
        null,
        null,
        null
      ],
      "/Users/michaelhill/turing/1610/mod1/projects/night-writer/night-writer/lib/file_reader.rb": [
        1,
        1,
        0,
        null,
        null
      ],
      "/Users/michaelhill/turing/1610/mod1/projects/night-writer/night-writer/lib/file_writer.rb": [
        1,
        1,
        0,
        0,
        null,
        null,
        null,
        1,
        0,
        0,
        0,
        null,
        null
      ],
      "/Users/michaelhill/turing/1610/mod1/projects/night-writer/night-writer/test/test_helper.rb": [
        1,
        1
      ],
      "/Users/michaelhill/turing/1610/mod1/projects/night-writer/night-writer/test/translator_test.rb": [
        1,
        1,
        1,
        1,
        1,
        1,
        null,
        1,
        null,
        1,
        1,
        null,
        null,
        null,
        1,
        1,
        1,
        1,
        null,
        null,
        1,
        1,
        1,
        1,
        null,
        null,
        1,
        1,
        1,
        1,
        1,
        null,
        null,
        1,
        1,
        1,
        1,
        null,
        null,
        1,
        1,
        1,
        1,
        null,
        null,
        1,
        1,
        1,
        1,
        null,
        null,
        1,
        1,
        1,
        1,
        null,
        null,
        1,
        1,
        1,
        1,
        null,
        null,
        1,
        1,
        1,
        1,
        null,
        null,
        1,
        1,
        1,
        1,
        null,
        null,
        null,
        null,
        null,
        null,
        null,
        null,
        null,
        null,
        null,
        null,
        1,
        1,
        1,
        null,
        null,
        1,
        1,
        null,
        null,
        null
      ],
      "/Users/michaelhill/turing/1610/mod1/projects/night-writer/night-writer/test/writer_test.rb": [
        1,
        1,
        1,
        1,
        1,
        null,
        1,
        null,
        1,
        1,
        null,
        null,
        1,
        1,
        1,
        1,
        null,
        1,
        null,
        null,
        null,
        null,
        null,
        null,
        null,
        null,
        null,
        null,
        null
      ],
      "/Users/michaelhill/turing/1610/mod1/projects/night-writer/night-writer/lib/writer.rb": [
        1,
        1,
        1,
        null,
        1,
        null,
        1,
        null,
        1,
        2,
        2,
        2,
        null,
        null,
        1,
        0,
        0,
        0,
        null,
        0,
        null,
        null,
        1,
        1,
        1,
        2,
        null,
        1,
        null,
        null,
        null,
        1,
        2,
        1,
        null,
        null,
        null,
        null,
        null,
        null,
        1,
        0,
        null,
        null,
        null,
        null,
        null,
        null,
        null,
        null,
        null
      ]
    },
    "timestamp": 1476909556
  }
}
